Week9-workspace/ContentProviderLabUser/build/outputs/logs/manifest-merger-debug-report.txt
-- Merging decision tree log ---
manifest
ADDED from Week9-workspace\ContentProviderLabUser\AndroidManifest.xml:2:1-33:12
	package
		ADDED from Week9-workspace\ContentProviderLabUser\AndroidManifest.xml:3:5-45
	android:versionName
		ADDED from Week9-workspace\ContentProviderLabUser\AndroidManifest.xml:5:5-30
		INJECTED from Week9-workspace\ContentProviderLabUser\AndroidManifest.xml
		INJECTED from Week9-workspace\ContentProviderLabUser\AndroidManifest.xml
	android:versionCode
		ADDED from Week9-workspace\ContentProviderLabUser\AndroidManifest.xml:4:5-28
		INJECTED from Week9-workspace\ContentProviderLabUser\AndroidManifest.xml
		INJECTED from Week9-workspace\ContentProviderLabUser\AndroidManifest.xml
	xmlns:android
		ADDED from Week9-workspace\ContentProviderLabUser\AndroidManifest.xml:2:11-69
uses-permission#android.permission.ACCESS_FINE_LOCATION
ADDED from Week9-workspace\ContentProviderLabUser\AndroidManifest.xml:7:5-79
	android:name
		ADDED from Week9-workspace\ContentProviderLabUser\AndroidManifest.xml:7:22-76
uses-permission#android.permission.ACCESS_COARSE_LOCATION
ADDED from Week9-workspace\ContentProviderLabUser\AndroidManifest.xml:8:5-81
	android:name
		ADDED from Week9-workspace\ContentProviderLabUser\AndroidManifest.xml:8:22-78
uses-permission#android.permission.ACCESS_MOCK_LOCATION
ADDED from Week9-workspace\ContentProviderLabUser\AndroidManifest.xml:9:5-79
	android:name
		ADDED from Week9-workspace\ContentProviderLabUser\AndroidManifest.xml:9:22-76
uses-permission#android.permission.INTERNET
ADDED from Week9-workspace\ContentProviderLabUser\AndroidManifest.xml:10:5-67
	android:name
		ADDED from Week9-workspace\ContentProviderLabUser\AndroidManifest.xml:10:22-64
uses-permission#android.permission.WRITE_EXTERNAL_STORAGE
ADDED from Week9-workspace\ContentProviderLabUser\AndroidManifest.xml:11:5-80
	android:name
		ADDED from Week9-workspace\ContentProviderLabUser\AndroidManifest.xml:11:22-78
uses-sdk
ADDED from Week9-workspace\ContentProviderLabUser\AndroidManifest.xml:13:5-15:41
	android:targetSdkVersion
		ADDED from Week9-workspace\ContentProviderLabUser\AndroidManifest.xml:15:9-38
	android:minSdkVersion
		ADDED from Week9-workspace\ContentProviderLabUser\AndroidManifest.xml:14:9-35
application
ADDED from Week9-workspace\ContentProviderLabUser\AndroidManifest.xml:17:5-31:19
	android:label
		ADDED from Week9-workspace\ContentProviderLabUser\AndroidManifest.xml:20:9-41
	android:allowBackup
		ADDED from Week9-workspace\ContentProviderLabUser\AndroidManifest.xml:18:9-35
	android:icon
		ADDED from Week9-workspace\ContentProviderLabUser\AndroidManifest.xml:19:9-45
	android:theme
		ADDED from Week9-workspace\ContentProviderLabUser\AndroidManifest.xml:21:9-40
activity#course.labs.contentproviderlab.PlaceViewActivity
ADDED from Week9-workspace\ContentProviderLabUser\AndroidManifest.xml:22:9-30:20
	android:label
		ADDED from Week9-workspace\ContentProviderLabUser\AndroidManifest.xml:24:13-45
	android:name
		ADDED from Week9-workspace\ContentProviderLabUser\AndroidManifest.xml:23:13-46
intent-filter#android.intent.action.MAIN+android.intent.category.LAUNCHER
ADDED from Week9-workspace\ContentProviderLabUser\AndroidManifest.xml:25:13-29:29
action#android.intent.action.MAIN
ADDED from Week9-workspace\ContentProviderLabUser\AndroidManifest.xml:26:17-69
	android:name
		ADDED from Week9-workspace\ContentProviderLabUser\AndroidManifest.xml:26:25-66
category#android.intent.category.LAUNCHER
ADDED from Week9-workspace\ContentProviderLabUser\AndroidManifest.xml:28:17-77
	android:name
		ADDED from Week9-workspace\ContentProviderLabUser\AndroidManifest.xml:28:27-74